<?xml version="1.0" encoding="UTF-8"?>
<!-- Generated by org.testng.reporters.JUnitReportReporter -->
<testsuite hostname="DESKTOP-JTE90UB" failures="0" tests="2" name="cucumber.CucumberRunnerTest" time="59.924" errors="0" timestamp="2023-02-08T11:51:18 TRT" skipped="0">
  <testcase classname="cucumber.CucumberRunnerTest" name="runScenario" time="30.169"/>
  <system-out/>
  <testcase classname="cucumber.CucumberRunnerTest" name="runScenario" time="29.755"/>
  <system-out/>
</testsuite> <!-- cucumber.CucumberRunnerTest -->
